{"/Users/Sprazzeus/sandbox/candy/app.js":{"path":"/Users/Sprazzeus/sandbox/candy/app.js","s":{"1":1,"2":1,"3":1,"4":1,"5":1,"6":1,"7":1,"8":1,"9":1,"10":1,"11":1,"12":1,"13":1,"14":1,"15":1,"16":1,"17":1,"18":1,"19":1,"20":1,"21":1,"22":1,"23":0,"24":0,"25":0,"26":1,"27":0,"28":0,"29":0,"30":1,"31":1,"32":0,"33":0,"34":1,"35":0,"36":0,"37":1},"b":{"1":[1,1],"2":[1,0],"3":[0,0],"4":[0,0]},"f":{"1":0,"2":0,"3":0,"4":0},"fnMap":{"1":{"name":"(anonymous_1)","line":34,"loc":{"start":{"line":34,"column":8},"end":{"line":34,"column":33}}},"2":{"name":"(anonymous_2)","line":41,"loc":{"start":{"line":41,"column":8},"end":{"line":41,"column":33}}},"3":{"name":"(anonymous_3)","line":51,"loc":{"start":{"line":51,"column":10},"end":{"line":51,"column":40}}},"4":{"name":"(anonymous_4)","line":62,"loc":{"start":{"line":62,"column":8},"end":{"line":62,"column":38}}}},"statementMap":{"1":{"start":{"line":1,"column":0},"end":{"line":1,"column":33}},"2":{"start":{"line":2,"column":0},"end":{"line":2,"column":27}},"3":{"start":{"line":3,"column":0},"end":{"line":3,"column":38}},"4":{"start":{"line":4,"column":0},"end":{"line":4,"column":39}},"5":{"start":{"line":5,"column":0},"end":{"line":5,"column":31}},"6":{"start":{"line":6,"column":0},"end":{"line":6,"column":44}},"7":{"start":{"line":7,"column":0},"end":{"line":7,"column":40}},"8":{"start":{"line":9,"column":0},"end":{"line":9,"column":39}},"9":{"start":{"line":10,"column":0},"end":{"line":10,"column":38}},"10":{"start":{"line":12,"column":0},"end":{"line":12,"column":20}},"11":{"start":{"line":14,"column":0},"end":{"line":16,"column":2}},"12":{"start":{"line":15,"column":2},"end":{"line":15,"column":43}},"13":{"start":{"line":19,"column":0},"end":{"line":19,"column":48}},"14":{"start":{"line":20,"column":0},"end":{"line":20,"column":31}},"15":{"start":{"line":24,"column":0},"end":{"line":24,"column":23}},"16":{"start":{"line":25,"column":0},"end":{"line":25,"column":27}},"17":{"start":{"line":26,"column":0},"end":{"line":26,"column":52}},"18":{"start":{"line":27,"column":0},"end":{"line":27,"column":24}},"19":{"start":{"line":28,"column":0},"end":{"line":28,"column":56}},"20":{"start":{"line":30,"column":0},"end":{"line":30,"column":21}},"21":{"start":{"line":31,"column":0},"end":{"line":31,"column":25}},"22":{"start":{"line":34,"column":0},"end":{"line":38,"column":3}},"23":{"start":{"line":35,"column":2},"end":{"line":35,"column":35}},"24":{"start":{"line":36,"column":2},"end":{"line":36,"column":19}},"25":{"start":{"line":37,"column":2},"end":{"line":37,"column":12}},"26":{"start":{"line":41,"column":0},"end":{"line":45,"column":3}},"27":{"start":{"line":42,"column":2},"end":{"line":42,"column":46}},"28":{"start":{"line":43,"column":2},"end":{"line":43,"column":19}},"29":{"start":{"line":44,"column":2},"end":{"line":44,"column":12}},"30":{"start":{"line":50,"column":0},"end":{"line":58,"column":1}},"31":{"start":{"line":51,"column":2},"end":{"line":57,"column":5}},"32":{"start":{"line":52,"column":4},"end":{"line":52,"column":34}},"33":{"start":{"line":53,"column":4},"end":{"line":56,"column":7}},"34":{"start":{"line":62,"column":0},"end":{"line":68,"column":3}},"35":{"start":{"line":63,"column":2},"end":{"line":63,"column":32}},"36":{"start":{"line":64,"column":2},"end":{"line":67,"column":5}},"37":{"start":{"line":71,"column":0},"end":{"line":71,"column":21}}},"branchMap":{"1":{"line":3,"type":"binary-expr","locations":[{"start":{"line":3,"column":13},"end":{"line":3,"column":29}},{"start":{"line":3,"column":33},"end":{"line":3,"column":37}}]},"2":{"line":50,"type":"if","locations":[{"start":{"line":50,"column":0},"end":{"line":50,"column":0}},{"start":{"line":50,"column":0},"end":{"line":50,"column":0}}]},"3":{"line":52,"type":"binary-expr","locations":[{"start":{"line":52,"column":15},"end":{"line":52,"column":25}},{"start":{"line":52,"column":29},"end":{"line":52,"column":32}}]},"4":{"line":63,"type":"binary-expr","locations":[{"start":{"line":63,"column":13},"end":{"line":63,"column":23}},{"start":{"line":63,"column":27},"end":{"line":63,"column":30}}]}}},"/Users/Sprazzeus/sandbox/candy/routes/index.js":{"path":"/Users/Sprazzeus/sandbox/candy/routes/index.js","s":{"1":1,"2":1,"3":1,"4":1,"5":1,"6":0,"7":1,"8":13,"9":13,"10":13,"11":1,"12":0,"13":1,"14":8,"15":1,"16":2,"17":1,"18":1,"19":1,"20":1,"21":1,"22":1,"23":0,"24":1,"25":1,"26":1,"27":1,"28":1,"29":1,"30":1,"31":1,"32":1},"b":{"1":[1,0]},"f":{"1":0},"fnMap":{"1":{"name":"(anonymous_1)","line":15,"loc":{"start":{"line":15,"column":16},"end":{"line":15,"column":41}}}},"statementMap":{"1":{"start":{"line":1,"column":0},"end":{"line":1,"column":33}},"2":{"start":{"line":2,"column":0},"end":{"line":2,"column":30}},"3":{"start":{"line":5,"column":0},"end":{"line":10,"column":2}},"4":{"start":{"line":12,"column":0},"end":{"line":12,"column":60}},"5":{"start":{"line":15,"column":0},"end":{"line":17,"column":3}},"6":{"start":{"line":16,"column":2},"end":{"line":16,"column":44}},"7":{"start":{"line":20,"column":0},"end":{"line":24,"column":3}},"8":{"start":{"line":21,"column":2},"end":{"line":21,"column":49}},"9":{"start":{"line":22,"column":2},"end":{"line":22,"column":95}},"10":{"start":{"line":23,"column":2},"end":{"line":23,"column":9}},"11":{"start":{"line":27,"column":0},"end":{"line":33,"column":3}},"12":{"start":{"line":28,"column":2},"end":{"line":32,"column":7}},"13":{"start":{"line":36,"column":0},"end":{"line":38,"column":3}},"14":{"start":{"line":37,"column":2},"end":{"line":37,"column":20}},"15":{"start":{"line":41,"column":0},"end":{"line":43,"column":3}},"16":{"start":{"line":42,"column":2},"end":{"line":42,"column":51}},"17":{"start":{"line":46,"column":0},"end":{"line":67,"column":3}},"18":{"start":{"line":47,"column":2},"end":{"line":47,"column":24}},"19":{"start":{"line":48,"column":2},"end":{"line":52,"column":5}},"20":{"start":{"line":54,"column":2},"end":{"line":58,"column":3}},"21":{"start":{"line":60,"column":2},"end":{"line":66,"column":3}},"22":{"start":{"line":61,"column":2},"end":{"line":61,"column":22}},"23":{"start":{"line":64,"column":4},"end":{"line":65,"column":69}},"24":{"start":{"line":70,"column":0},"end":{"line":82,"column":3}},"25":{"start":{"line":71,"column":2},"end":{"line":76,"column":5}},"26":{"start":{"line":78,"column":0},"end":{"line":78,"column":42}},"27":{"start":{"line":79,"column":0},"end":{"line":79,"column":46}},"28":{"start":{"line":80,"column":0},"end":{"line":80,"column":48}},"29":{"start":{"line":85,"column":0},"end":{"line":89,"column":3}},"30":{"start":{"line":86,"column":2},"end":{"line":87,"column":48}},"31":{"start":{"line":88,"column":4},"end":{"line":88,"column":41}},"32":{"start":{"line":91,"column":0},"end":{"line":91,"column":24}}},"branchMap":{"1":{"line":60,"type":"if","locations":[{"start":{"line":60,"column":2},"end":{"line":60,"column":2}},{"start":{"line":60,"column":2},"end":{"line":60,"column":2}}]}}},"/Users/Sprazzeus/sandbox/candy/routes/users.js":{"path":"/Users/Sprazzeus/sandbox/candy/routes/users.js","s":{"1":1,"2":1,"3":1,"4":0,"5":1},"b":{},"f":{"1":0},"fnMap":{"1":{"name":"(anonymous_1)","line":5,"loc":{"start":{"line":5,"column":16},"end":{"line":5,"column":41}}}},"statementMap":{"1":{"start":{"line":1,"column":0},"end":{"line":1,"column":33}},"2":{"start":{"line":2,"column":0},"end":{"line":2,"column":30}},"3":{"start":{"line":5,"column":0},"end":{"line":7,"column":3}},"4":{"start":{"line":6,"column":2},"end":{"line":6,"column":38}},"5":{"start":{"line":9,"column":0},"end":{"line":9,"column":24}}},"branchMap":{}}}