TN:
SF:/Users/Sprazzeus/sandbox/candy/app.js
FN:34,(anonymous_1)
FN:41,(anonymous_2)
FN:51,(anonymous_3)
FN:62,(anonymous_4)
FNF:4
FNH:0
FNDA:0,(anonymous_1)
FNDA:0,(anonymous_2)
FNDA:0,(anonymous_3)
FNDA:0,(anonymous_4)
DA:1,1
DA:2,1
DA:3,1
DA:4,1
DA:5,1
DA:6,1
DA:7,1
DA:9,1
DA:10,1
DA:12,1
DA:14,1
DA:15,1
DA:19,1
DA:20,1
DA:24,1
DA:25,1
DA:26,1
DA:27,1
DA:28,1
DA:30,1
DA:31,1
DA:34,1
DA:35,0
DA:36,0
DA:37,0
DA:41,1
DA:42,0
DA:43,0
DA:44,0
DA:50,1
DA:51,1
DA:52,0
DA:53,0
DA:62,1
DA:63,0
DA:64,0
DA:71,1
LF:37
LH:27
BRDA:3,1,0,1
BRDA:3,1,1,1
BRDA:50,2,0,1
BRDA:50,2,1,0
BRDA:52,3,0,0
BRDA:52,3,1,0
BRDA:63,4,0,0
BRDA:63,4,1,0
BRF:8
BRH:3
end_of_record
TN:
SF:/Users/Sprazzeus/sandbox/candy/routes/index.js
FN:15,(anonymous_1)
FNF:1
FNH:0
FNDA:0,(anonymous_1)
DA:1,1
DA:2,1
DA:5,1
DA:12,1
DA:15,1
DA:16,0
DA:20,1
DA:21,13
DA:22,13
DA:23,13
DA:27,1
DA:28,0
DA:36,1
DA:37,8
DA:41,1
DA:42,2
DA:46,1
DA:47,1
DA:48,1
DA:54,1
DA:60,1
DA:61,1
DA:64,0
DA:70,1
DA:71,1
DA:78,1
DA:79,1
DA:80,1
DA:85,1
DA:86,1
DA:88,1
DA:91,1
LF:32
LH:29
BRDA:60,1,0,1
BRDA:60,1,1,0
BRF:2
BRH:1
end_of_record
TN:
SF:/Users/Sprazzeus/sandbox/candy/routes/users.js
FN:5,(anonymous_1)
FNF:1
FNH:0
FNDA:0,(anonymous_1)
DA:1,1
DA:2,1
DA:5,1
DA:6,0
DA:9,1
LF:5
LH:4
BRF:0
BRH:0
end_of_record
